This file contains any messages produced by compilers while
running configure, to aid debugging if configure makes a mistake.

It was created by configure, which was
generated by GNU Autoconf 2.69.  Invocation command line was

  $ ./configure --enable-gcc --disable-shared --prefix=/home/dyahayu/itrace/ns-allinone-2.34

## --------- ##
## Platform. ##
## --------- ##

hostname = kali
uname -m = i686
uname -r = 4.13.0-kali1-686-pae
uname -s = Linux
uname -v = #1 SMP Debian 4.13.10-1kali2 (2017-11-08)

/usr/bin/uname -p = unknown
/bin/uname -X     = unknown

/bin/arch              = unknown
/usr/bin/arch -k       = unknown
/usr/convex/getsysinfo = unknown
/usr/bin/hostinfo      = unknown
/bin/machine           = unknown
/usr/bin/oslevel       = unknown
/bin/universe          = unknown

PATH: /home/dyahayu/itrace/ns-allinone-2.34/bin
PATH: /usr/local/bin
PATH: /usr/bin
PATH: /bin
PATH: /usr/local/games
PATH: /usr/games
PATH: /home/dyahayu/itrace/ns-allinone-2.34/bin
PATH: /home/dyahayu/itrace/ns-allinone-2.34/tcl8.4.18/unix
PATH: /home/dyahayu/itrace/ns-allinone-2.34/tk8.4.18/unix
PATH: /home/dyahayu/itrace/ns-allinone-2.34/ns-2.34
PATH: /home/dyahayu/SFD/ns-allinone-2.35/nam-1.15


## ----------- ##
## Core tests. ##
## ----------- ##

configure:2303: checking for Tcl configuration
configure:2396: result: found /home/dyahayu/itrace/ns-allinone-2.34/tcl8.4.18/unix/tclConfig.sh
configure:2402: checking for existence of /home/dyahayu/itrace/ns-allinone-2.34/tcl8.4.18/unix/tclConfig.sh
configure:2406: result: loading
configure:2471: checking for tclsh
configure:2495: result: /home/dyahayu/itrace/ns-allinone-2.34/bin/tclsh8.4
configure:2506: checking for tclsh in Tcl build directory
configure:2509: result: /home/dyahayu/itrace/ns-allinone-2.34/tcl8.4.18/unix/tclsh
configure:2539: checking whether to use symlinks for manpages
configure:2548: result: no
configure:2551: checking whether to compress the manpages
configure:2564: result: no
configure:2578: checking whether to add a package name suffix for the manpages
configure:2591: result: no
configure:2655: checking for gcc
configure:2682: result: gcc-4.4
configure:2911: checking for C compiler version
configure:2920: gcc-4.4 --version >&5
gcc-4.4 (Ubuntu/Linaro 4.4.7-8ubuntu1) 4.4.7
Copyright (C) 2010 Free Software Foundation, Inc.
This is free software; see the source for copying conditions.  There is NO
warranty; not even for MERCHANTABILITY or FITNESS FOR A PARTICULAR PURPOSE.

configure:2931: $? = 0
configure:2920: gcc-4.4 -v >&5
Using built-in specs.
Target: i686-linux-gnu
Configured with: ../src/configure -v --with-pkgversion='Ubuntu/Linaro 4.4.7-8ubuntu1' --with-bugurl=file:///usr/share/doc/gcc-4.4/README.Bugs --enable-languages=c,c++,fortran --prefix=/usr --program-suffix=-4.4 --enable-shared --enable-linker-build-id --with-system-zlib --libexecdir=/usr/lib --without-included-gettext --enable-threads=posix --with-gxx-include-dir=/usr/include/c++/4.4 --libdir=/usr/lib --enable-nls --with-sysroot=/ --enable-clocale=gnu --enable-libstdcxx-debug --disable-libmudflap --enable-targets=all --disable-werror --with-arch-32=i686 --with-tune=generic --enable-checking=release --build=i686-linux-gnu --host=i686-linux-gnu --target=i686-linux-gnu
Thread model: posix
gcc version 4.4.7 (Ubuntu/Linaro 4.4.7-8ubuntu1) 
configure:2931: $? = 0
configure:2920: gcc-4.4 -V >&5
gcc-4.4: '-V' option must have argument
configure:2931: $? = 1
configure:2920: gcc-4.4 -qversion >&5
gcc-4.4: unrecognized option '-qversion'
gcc-4.4: no input files
configure:2931: $? = 1
configure:2951: checking whether the C compiler works
configure:2973: gcc-4.4    conftest.c  >&5
configure:2977: $? = 0
configure:3025: result: yes
configure:3028: checking for C compiler default output file name
configure:3030: result: a.out
configure:3036: checking for suffix of executables
configure:3043: gcc-4.4 -o conftest    conftest.c  >&5
configure:3047: $? = 0
configure:3069: result: 
configure:3091: checking whether we are cross compiling
configure:3099: gcc-4.4 -o conftest    conftest.c  >&5
configure:3103: $? = 0
configure:3110: ./conftest
configure:3114: $? = 0
configure:3129: result: no
configure:3134: checking for suffix of object files
configure:3156: gcc-4.4 -c   conftest.c >&5
configure:3160: $? = 0
configure:3181: result: o
configure:3185: checking whether we are using the GNU C compiler
configure:3204: gcc-4.4 -c   conftest.c >&5
configure:3204: $? = 0
configure:3213: result: yes
configure:3222: checking whether gcc-4.4 accepts -g
configure:3242: gcc-4.4 -c -g  conftest.c >&5
configure:3242: $? = 0
configure:3283: result: yes
configure:3300: checking for gcc-4.4 option to accept ISO C89
configure:3363: gcc-4.4  -c   conftest.c >&5
configure:3363: $? = 0
configure:3376: result: none needed
configure:3405: checking how to run the C preprocessor
configure:3436: gcc-4.4 -E  conftest.c
configure:3436: $? = 0
configure:3450: gcc-4.4 -E  conftest.c
conftest.c:9: fatal error: ac_nonexistent.h: No such file or directory
compilation terminated.
configure:3450: $? = 1
configure: failed program was:
| /* confdefs.h */
| #define PACKAGE_NAME ""
| #define PACKAGE_TARNAME ""
| #define PACKAGE_VERSION ""
| #define PACKAGE_STRING ""
| #define PACKAGE_BUGREPORT ""
| #define PACKAGE_URL ""
| /* end confdefs.h.  */
| #include <ac_nonexistent.h>
configure:3475: result: gcc-4.4 -E
configure:3495: gcc-4.4 -E  conftest.c
configure:3495: $? = 0
configure:3509: gcc-4.4 -E  conftest.c
conftest.c:9: fatal error: ac_nonexistent.h: No such file or directory
compilation terminated.
configure:3509: $? = 1
configure: failed program was:
| /* confdefs.h */
| #define PACKAGE_NAME ""
| #define PACKAGE_TARNAME ""
| #define PACKAGE_VERSION ""
| #define PACKAGE_STRING ""
| #define PACKAGE_BUGREPORT ""
| #define PACKAGE_URL ""
| /* end confdefs.h.  */
| #include <ac_nonexistent.h>
configure:3538: checking for grep that handles long lines and -e
configure:3596: result: /bin/grep
configure:3601: checking for egrep
configure:3663: result: /bin/grep -E
configure:3668: checking for ANSI C header files
configure:3688: gcc-4.4 -c   conftest.c >&5
configure:3688: $? = 0
configure:3761: gcc-4.4 -o conftest    conftest.c  >&5
configure:3761: $? = 0
configure:3761: ./conftest
configure:3761: $? = 0
configure:3772: result: yes
configure:3785: checking for sys/types.h
configure:3785: gcc-4.4 -c   conftest.c >&5
configure:3785: $? = 0
configure:3785: result: yes
configure:3785: checking for sys/stat.h
configure:3785: gcc-4.4 -c   conftest.c >&5
configure:3785: $? = 0
configure:3785: result: yes
configure:3785: checking for stdlib.h
configure:3785: gcc-4.4 -c   conftest.c >&5
configure:3785: $? = 0
configure:3785: result: yes
configure:3785: checking for string.h
configure:3785: gcc-4.4 -c   conftest.c >&5
configure:3785: $? = 0
configure:3785: result: yes
configure:3785: checking for memory.h
configure:3785: gcc-4.4 -c   conftest.c >&5
configure:3785: $? = 0
configure:3785: result: yes
configure:3785: checking for strings.h
configure:3785: gcc-4.4 -c   conftest.c >&5
configure:3785: $? = 0
configure:3785: result: yes
configure:3785: checking for inttypes.h
configure:3785: gcc-4.4 -c   conftest.c >&5
configure:3785: $? = 0
configure:3785: result: yes
configure:3785: checking for stdint.h
configure:3785: gcc-4.4 -c   conftest.c >&5
configure:3785: $? = 0
configure:3785: result: yes
configure:3785: checking for unistd.h
configure:3785: gcc-4.4 -c   conftest.c >&5
configure:3785: $? = 0
configure:3785: result: yes
configure:3797: checking limits.h usability
configure:3797: gcc-4.4 -c   conftest.c >&5
configure:3797: $? = 0
configure:3797: result: yes
configure:3797: checking limits.h presence
configure:3797: gcc-4.4 -E  conftest.c
configure:3797: $? = 0
configure:3797: result: yes
configure:3797: checking for limits.h
configure:3797: result: yes
configure:3809: checking for unistd.h
configure:3809: result: yes
configure:3825: checking stdlib.h
configure:3870: result: yes
configure:3879: checking if the compiler understands -pipe
configure:3897: gcc-4.4 -c  -pipe  conftest.c >&5
configure:3897: $? = 0
configure:3905: result: yes
configure:4214: checking for building with threads
configure:4228: result: no (default)
configure:4243: checking for sin
configure:4243: gcc-4.4 -o conftest  -pipe   conftest.c  >&5
conftest.c:44: warning: conflicting types for built-in function 'sin'
/tmp/cc4Pnv52.o: In function `main':
conftest.c:(.text+0x7): undefined reference to `sin'
collect2: ld returned 1 exit status
configure:4243: $? = 1
configure: failed program was:
| /* confdefs.h */
| #define PACKAGE_NAME ""
| #define PACKAGE_TARNAME ""
| #define PACKAGE_VERSION ""
| #define PACKAGE_STRING ""
| #define PACKAGE_BUGREPORT ""
| #define PACKAGE_URL ""
| #define STDC_HEADERS 1
| #define HAVE_SYS_TYPES_H 1
| #define HAVE_SYS_STAT_H 1
| #define HAVE_STDLIB_H 1
| #define HAVE_STRING_H 1
| #define HAVE_MEMORY_H 1
| #define HAVE_STRINGS_H 1
| #define HAVE_INTTYPES_H 1
| #define HAVE_STDINT_H 1
| #define HAVE_UNISTD_H 1
| #define HAVE_LIMITS_H 1
| #define HAVE_UNISTD_H 1
| /* end confdefs.h.  */
| /* Define sin to an innocuous variant, in case <limits.h> declares sin.
|    For example, HP-UX 11i <limits.h> declares gettimeofday.  */
| #define sin innocuous_sin
| 
| /* System header to define __stub macros and hopefully few prototypes,
|     which can conflict with char sin (); below.
|     Prefer <limits.h> to <assert.h> if __STDC__ is defined, since
|     <limits.h> exists even on freestanding compilers.  */
| 
| #ifdef __STDC__
| # include <limits.h>
| #else
| # include <assert.h>
| #endif
| 
| #undef sin
| 
| /* Override any GCC internal prototype to avoid an error.
|    Use char because int might match the return type of a GCC
|    builtin and then its argument prototype would still apply.  */
| #ifdef __cplusplus
| extern "C"
| #endif
| char sin ();
| /* The GNU C library defines this for functions which it implements
|     to always fail with ENOSYS.  Some functions are actually named
|     something starting with __ and the normal name is an alias.  */
| #if defined __stub_sin || defined __stub___sin
| choke me
| #endif
| 
| int
| main ()
| {
| return sin ();
|   ;
|   return 0;
| }
configure:4243: result: no
configure:4250: checking for main in -lieee
configure:4269: gcc-4.4 -o conftest  -pipe   conftest.c -lieee   >&5
/usr/bin/ld: cannot find -lieee
collect2: ld returned 1 exit status
configure:4269: $? = 1
configure: failed program was:
| /* confdefs.h */
| #define PACKAGE_NAME ""
| #define PACKAGE_TARNAME ""
| #define PACKAGE_VERSION ""
| #define PACKAGE_STRING ""
| #define PACKAGE_BUGREPORT ""
| #define PACKAGE_URL ""
| #define STDC_HEADERS 1
| #define HAVE_SYS_TYPES_H 1
| #define HAVE_SYS_STAT_H 1
| #define HAVE_STDLIB_H 1
| #define HAVE_STRING_H 1
| #define HAVE_MEMORY_H 1
| #define HAVE_STRINGS_H 1
| #define HAVE_INTTYPES_H 1
| #define HAVE_STDINT_H 1
| #define HAVE_UNISTD_H 1
| #define HAVE_LIMITS_H 1
| #define HAVE_UNISTD_H 1
| /* end confdefs.h.  */
| 
| 
| int
| main ()
| {
| return main ();
|   ;
|   return 0;
| }
configure:4278: result: no
configure:4289: checking how to build libraries
configure:4311: result: static
configure:4368: checking for ranlib
configure:4384: found /usr/bin/ranlib
configure:4395: result: ranlib
configure:4421: checking if 64bit support is requested
configure:4430: result: no
configure:4435: checking if 64bit Sparc VIS support is requested
configure:4444: result: no
configure:4456: checking system version
configure:4484: result: Linux-4.13.0-kali1-686-pae
configure:4492: checking for dlopen in -ldl
configure:4517: gcc-4.4 -o conftest  -pipe   conftest.c -ldl   >&5
configure:4517: $? = 0
configure:4526: result: yes
configure:4560: checking for ar
configure:4576: found /usr/bin/ar
configure:4587: result: ar
configure:6283: checking for build with symbols
configure:6297: result: no
configure:6341: checking for required early compiler flags
configure:6359: gcc-4.4 -c  -pipe  conftest.c >&5
configure:6359: $? = 0
configure:6405: gcc-4.4 -c  -pipe  conftest.c >&5
conftest.c: In function 'main':
conftest.c:27: error: storage size of 'buf' isn't known
configure:6405: $? = 1
configure: failed program was:
| /* confdefs.h */
| #define PACKAGE_NAME ""
| #define PACKAGE_TARNAME ""
| #define PACKAGE_VERSION ""
| #define PACKAGE_STRING ""
| #define PACKAGE_BUGREPORT ""
| #define PACKAGE_URL ""
| #define STDC_HEADERS 1
| #define HAVE_SYS_TYPES_H 1
| #define HAVE_SYS_STAT_H 1
| #define HAVE_STDLIB_H 1
| #define HAVE_STRING_H 1
| #define HAVE_MEMORY_H 1
| #define HAVE_STRINGS_H 1
| #define HAVE_INTTYPES_H 1
| #define HAVE_STDINT_H 1
| #define HAVE_UNISTD_H 1
| #define HAVE_LIMITS_H 1
| #define HAVE_UNISTD_H 1
| #define STATIC_BUILD 1
| #define PEEK_XCLOSEIM 1
| /* end confdefs.h.  */
| #include <sys/stat.h>
| int
| main ()
| {
| struct stat64 buf; int i = stat64("/", &buf);
|   ;
|   return 0;
| }
configure:6420: gcc-4.4 -c  -pipe  conftest.c >&5
configure:6420: $? = 0
configure:6451: gcc-4.4 -c  -pipe  conftest.c >&5
conftest.c: In function 'main':
conftest.c:28: error: 'open64' undeclared (first use in this function)
conftest.c:28: error: (Each undeclared identifier is reported only once
conftest.c:28: error: for each function it appears in.)
configure:6451: $? = 1
configure: failed program was:
| /* confdefs.h */
| #define PACKAGE_NAME ""
| #define PACKAGE_TARNAME ""
| #define PACKAGE_VERSION ""
| #define PACKAGE_STRING ""
| #define PACKAGE_BUGREPORT ""
| #define PACKAGE_URL ""
| #define STDC_HEADERS 1
| #define HAVE_SYS_TYPES_H 1
| #define HAVE_SYS_STAT_H 1
| #define HAVE_STDLIB_H 1
| #define HAVE_STRING_H 1
| #define HAVE_MEMORY_H 1
| #define HAVE_STRINGS_H 1
| #define HAVE_INTTYPES_H 1
| #define HAVE_STDINT_H 1
| #define HAVE_UNISTD_H 1
| #define HAVE_LIMITS_H 1
| #define HAVE_UNISTD_H 1
| #define STATIC_BUILD 1
| #define PEEK_XCLOSEIM 1
| #define _LARGEFILE64_SOURCE 1
| /* end confdefs.h.  */
| #include <sys/stat.h>
| int
| main ()
| {
| char *p = (char *)open64;
|   ;
|   return 0;
| }
configure:6466: gcc-4.4 -c  -pipe  conftest.c >&5
conftest.c: In function 'main':
conftest.c:29: error: 'open64' undeclared (first use in this function)
conftest.c:29: error: (Each undeclared identifier is reported only once
conftest.c:29: error: for each function it appears in.)
configure:6466: $? = 1
configure: failed program was:
| /* confdefs.h */
| #define PACKAGE_NAME ""
| #define PACKAGE_TARNAME ""
| #define PACKAGE_VERSION ""
| #define PACKAGE_STRING ""
| #define PACKAGE_BUGREPORT ""
| #define PACKAGE_URL ""
| #define STDC_HEADERS 1
| #define HAVE_SYS_TYPES_H 1
| #define HAVE_SYS_STAT_H 1
| #define HAVE_STDLIB_H 1
| #define HAVE_STRING_H 1
| #define HAVE_MEMORY_H 1
| #define HAVE_STRINGS_H 1
| #define HAVE_INTTYPES_H 1
| #define HAVE_STDINT_H 1
| #define HAVE_UNISTD_H 1
| #define HAVE_LIMITS_H 1
| #define HAVE_UNISTD_H 1
| #define STATIC_BUILD 1
| #define PEEK_XCLOSEIM 1
| #define _LARGEFILE64_SOURCE 1
| /* end confdefs.h.  */
| #define _LARGEFILE_SOURCE64 1
| #include <sys/stat.h>
| int
| main ()
| {
| char *p = (char *)open64;
|   ;
|   return 0;
| }
configure:6486: result:  _LARGEFILE64_SOURCE
configure:6492: checking for 64-bit integer type
configure:6511: gcc-4.4 -c  -pipe  conftest.c >&5
conftest.c: In function 'main':
conftest.c:28: error: '__int64' undeclared (first use in this function)
conftest.c:28: error: (Each undeclared identifier is reported only once
conftest.c:28: error: for each function it appears in.)
conftest.c:28: error: expected ';' before 'value'
configure:6511: $? = 1
configure: failed program was:
| /* confdefs.h */
| #define PACKAGE_NAME ""
| #define PACKAGE_TARNAME ""
| #define PACKAGE_VERSION ""
| #define PACKAGE_STRING ""
| #define PACKAGE_BUGREPORT ""
| #define PACKAGE_URL ""
| #define STDC_HEADERS 1
| #define HAVE_SYS_TYPES_H 1
| #define HAVE_SYS_STAT_H 1
| #define HAVE_STDLIB_H 1
| #define HAVE_STRING_H 1
| #define HAVE_MEMORY_H 1
| #define HAVE_STRINGS_H 1
| #define HAVE_INTTYPES_H 1
| #define HAVE_STDINT_H 1
| #define HAVE_UNISTD_H 1
| #define HAVE_LIMITS_H 1
| #define HAVE_UNISTD_H 1
| #define STATIC_BUILD 1
| #define PEEK_XCLOSEIM 1
| #define _LARGEFILE64_SOURCE 1
| /* end confdefs.h.  */
| 
| int
| main ()
| {
| __int64 value = (__int64) 0;
|   ;
|   return 0;
| }
configure:6533: gcc-4.4 -c  -pipe  conftest.c >&5
configure:6533: $? = 0
configure:6549: result: long long
configure:6553: checking for struct dirent64
configure:6571: gcc-4.4 -c  -pipe  conftest.c >&5
conftest.c:26: fatal error: sys/dirent.h: No such file or directory
compilation terminated.
configure:6571: $? = 1
configure: failed program was:
| /* confdefs.h */
| #define PACKAGE_NAME ""
| #define PACKAGE_TARNAME ""
| #define PACKAGE_VERSION ""
| #define PACKAGE_STRING ""
| #define PACKAGE_BUGREPORT ""
| #define PACKAGE_URL ""
| #define STDC_HEADERS 1
| #define HAVE_SYS_TYPES_H 1
| #define HAVE_SYS_STAT_H 1
| #define HAVE_STDLIB_H 1
| #define HAVE_STRING_H 1
| #define HAVE_MEMORY_H 1
| #define HAVE_STRINGS_H 1
| #define HAVE_INTTYPES_H 1
| #define HAVE_STDINT_H 1
| #define HAVE_UNISTD_H 1
| #define HAVE_LIMITS_H 1
| #define HAVE_UNISTD_H 1
| #define STATIC_BUILD 1
| #define PEEK_XCLOSEIM 1
| #define _LARGEFILE64_SOURCE 1
| #define TCL_WIDE_INT_TYPE long long
| /* end confdefs.h.  */
| #include <sys/types.h>
| #include <sys/dirent.h>
| int
| main ()
| {
| struct dirent64 p;
|   ;
|   return 0;
| }
configure:6578: result: no
configure:6585: checking for struct stat64
configure:6603: gcc-4.4 -c  -pipe  conftest.c >&5
configure:6603: $? = 0
configure:6610: result: yes
configure:6620: checking for open64
configure:6620: gcc-4.4 -o conftest  -pipe   -Wl,--export-dynamic conftest.c  >&5
configure:6620: $? = 0
configure:6620: result: yes
configure:6620: checking for lseek64
configure:6620: gcc-4.4 -o conftest  -pipe   -Wl,--export-dynamic conftest.c  >&5
configure:6620: $? = 0
configure:6620: result: yes
configure:6629: checking for off64_t
configure:6647: gcc-4.4 -c  -pipe  conftest.c >&5
configure:6647: $? = 0
configure:6660: result: yes
configure:6673: checking whether byte ordering is bigendian
configure:6688: gcc-4.4 -c  -pipe  conftest.c >&5
conftest.c:30: error: expected '=', ',', ';', 'asm' or '__attribute__' before 'a'
configure:6688: $? = 1
configure: failed program was:
| /* confdefs.h */
| #define PACKAGE_NAME ""
| #define PACKAGE_TARNAME ""
| #define PACKAGE_VERSION ""
| #define PACKAGE_STRING ""
| #define PACKAGE_BUGREPORT ""
| #define PACKAGE_URL ""
| #define STDC_HEADERS 1
| #define HAVE_SYS_TYPES_H 1
| #define HAVE_SYS_STAT_H 1
| #define HAVE_STDLIB_H 1
| #define HAVE_STRING_H 1
| #define HAVE_MEMORY_H 1
| #define HAVE_STRINGS_H 1
| #define HAVE_INTTYPES_H 1
| #define HAVE_STDINT_H 1
| #define HAVE_UNISTD_H 1
| #define HAVE_LIMITS_H 1
| #define HAVE_UNISTD_H 1
| #define STATIC_BUILD 1
| #define PEEK_XCLOSEIM 1
| #define _LARGEFILE64_SOURCE 1
| #define TCL_WIDE_INT_TYPE long long
| #define HAVE_STRUCT_STAT64 1
| #define HAVE_OPEN64 1
| #define HAVE_LSEEK64 1
| #define HAVE_TYPE_OFF64_T 1
| /* end confdefs.h.  */
| #ifndef __APPLE_CC__
| 	       not a universal capable compiler
| 	     #endif
| 	     typedef int dummy;
| 
configure:6733: gcc-4.4 -c  -pipe  conftest.c >&5
configure:6733: $? = 0
configure:6751: gcc-4.4 -c  -pipe  conftest.c >&5
conftest.c: In function 'main':
conftest.c:36: error: 'not' undeclared (first use in this function)
conftest.c:36: error: (Each undeclared identifier is reported only once
conftest.c:36: error: for each function it appears in.)
conftest.c:36: error: expected ';' before 'big'
configure:6751: $? = 1
configure: failed program was:
| /* confdefs.h */
| #define PACKAGE_NAME ""
| #define PACKAGE_TARNAME ""
| #define PACKAGE_VERSION ""
| #define PACKAGE_STRING ""
| #define PACKAGE_BUGREPORT ""
| #define PACKAGE_URL ""
| #define STDC_HEADERS 1
| #define HAVE_SYS_TYPES_H 1
| #define HAVE_SYS_STAT_H 1
| #define HAVE_STDLIB_H 1
| #define HAVE_STRING_H 1
| #define HAVE_MEMORY_H 1
| #define HAVE_STRINGS_H 1
| #define HAVE_INTTYPES_H 1
| #define HAVE_STDINT_H 1
| #define HAVE_UNISTD_H 1
| #define HAVE_LIMITS_H 1
| #define HAVE_UNISTD_H 1
| #define STATIC_BUILD 1
| #define PEEK_XCLOSEIM 1
| #define _LARGEFILE64_SOURCE 1
| #define TCL_WIDE_INT_TYPE long long
| #define HAVE_STRUCT_STAT64 1
| #define HAVE_OPEN64 1
| #define HAVE_LSEEK64 1
| #define HAVE_TYPE_OFF64_T 1
| /* end confdefs.h.  */
| #include <sys/types.h>
| 		#include <sys/param.h>
| 
| int
| main ()
| {
| #if BYTE_ORDER != BIG_ENDIAN
| 		 not big endian
| 		#endif
| 
|   ;
|   return 0;
| }
configure:6879: result: no
configure:6928: checking for fd_set in sys/types
configure:6945: gcc-4.4 -c  -pipe  conftest.c >&5
configure:6945: $? = 0
configure:6952: result: yes
configure:6995: checking sys/time.h usability
configure:6995: gcc-4.4 -c  -pipe  conftest.c >&5
configure:6995: $? = 0
configure:6995: result: yes
configure:6995: checking sys/time.h presence
configure:6995: gcc-4.4 -E  conftest.c
configure:6995: $? = 0
configure:6995: result: yes
configure:6995: checking for sys/time.h
configure:6995: result: yes
configure:7005: checking whether time.h and sys/time.h may both be included
configure:7025: gcc-4.4 -c  -pipe  conftest.c >&5
configure:7025: $? = 0
configure:7032: result: yes
configure:7049: checking for strtod
configure:7049: gcc-4.4 -o conftest  -pipe   -Wl,--export-dynamic conftest.c  >&5
configure:7049: $? = 0
configure:7049: result: yes
configure:7057: checking for Solaris2.4/Tru64 strtod bugs
configure:7089: gcc-4.4 -o conftest  -pipe   -Wl,--export-dynamic conftest.c  >&5
conftest.c: In function 'main':
conftest.c:39: warning: incompatible implicit declaration of built-in function 'exit'
conftest.c:43: warning: incompatible implicit declaration of built-in function 'exit'
conftest.c:47: warning: incompatible implicit declaration of built-in function 'exit'
conftest.c:49: warning: incompatible implicit declaration of built-in function 'exit'
configure:7089: $? = 0
configure:7089: ./conftest
configure:7089: $? = 0
configure:7099: result: ok
configure:7114: checking for mode_t
configure:7114: gcc-4.4 -c  -pipe  conftest.c >&5
configure:7114: $? = 0
configure:7114: gcc-4.4 -c  -pipe  conftest.c >&5
conftest.c: In function 'main':
conftest.c:67: error: expected expression before ')' token
configure:7114: $? = 1
configure: failed program was:
| /* confdefs.h */
| #define PACKAGE_NAME ""
| #define PACKAGE_TARNAME ""
| #define PACKAGE_VERSION ""
| #define PACKAGE_STRING ""
| #define PACKAGE_BUGREPORT ""
| #define PACKAGE_URL ""
| #define STDC_HEADERS 1
| #define HAVE_SYS_TYPES_H 1
| #define HAVE_SYS_STAT_H 1
| #define HAVE_STDLIB_H 1
| #define HAVE_STRING_H 1
| #define HAVE_MEMORY_H 1
| #define HAVE_STRINGS_H 1
| #define HAVE_INTTYPES_H 1
| #define HAVE_STDINT_H 1
| #define HAVE_UNISTD_H 1
| #define HAVE_LIMITS_H 1
| #define HAVE_UNISTD_H 1
| #define STATIC_BUILD 1
| #define PEEK_XCLOSEIM 1
| #define _LARGEFILE64_SOURCE 1
| #define TCL_WIDE_INT_TYPE long long
| #define HAVE_STRUCT_STAT64 1
| #define HAVE_OPEN64 1
| #define HAVE_LSEEK64 1
| #define HAVE_TYPE_OFF64_T 1
| #define HAVE_SYS_TIME_H 1
| #define TIME_WITH_SYS_TIME 1
| /* end confdefs.h.  */
| #include <stdio.h>
| #ifdef HAVE_SYS_TYPES_H
| # include <sys/types.h>
| #endif
| #ifdef HAVE_SYS_STAT_H
| # include <sys/stat.h>
| #endif
| #ifdef STDC_HEADERS
| # include <stdlib.h>
| # include <stddef.h>
| #else
| # ifdef HAVE_STDLIB_H
| #  include <stdlib.h>
| # endif
| #endif
| #ifdef HAVE_STRING_H
| # if !defined STDC_HEADERS && defined HAVE_MEMORY_H
| #  include <memory.h>
| # endif
| # include <string.h>
| #endif
| #ifdef HAVE_STRINGS_H
| # include <strings.h>
| #endif
| #ifdef HAVE_INTTYPES_H
| # include <inttypes.h>
| #endif
| #ifdef HAVE_STDINT_H
| # include <stdint.h>
| #endif
| #ifdef HAVE_UNISTD_H
| # include <unistd.h>
| #endif
| int
| main ()
| {
| if (sizeof ((mode_t)))
| 	    return 0;
|   ;
|   return 0;
| }
configure:7114: result: yes
configure:7125: checking for pid_t
configure:7125: gcc-4.4 -c  -pipe  conftest.c >&5
configure:7125: $? = 0
configure:7125: gcc-4.4 -c  -pipe  conftest.c >&5
conftest.c: In function 'main':
conftest.c:67: error: expected expression before ')' token
configure:7125: $? = 1
configure: failed program was:
| /* confdefs.h */
| #define PACKAGE_NAME ""
| #define PACKAGE_TARNAME ""
| #define PACKAGE_VERSION ""
| #define PACKAGE_STRING ""
| #define PACKAGE_BUGREPORT ""
| #define PACKAGE_URL ""
| #define STDC_HEADERS 1
| #define HAVE_SYS_TYPES_H 1
| #define HAVE_SYS_STAT_H 1
| #define HAVE_STDLIB_H 1
| #define HAVE_STRING_H 1
| #define HAVE_MEMORY_H 1
| #define HAVE_STRINGS_H 1
| #define HAVE_INTTYPES_H 1
| #define HAVE_STDINT_H 1
| #define HAVE_UNISTD_H 1
| #define HAVE_LIMITS_H 1
| #define HAVE_UNISTD_H 1
| #define STATIC_BUILD 1
| #define PEEK_XCLOSEIM 1
| #define _LARGEFILE64_SOURCE 1
| #define TCL_WIDE_INT_TYPE long long
| #define HAVE_STRUCT_STAT64 1
| #define HAVE_OPEN64 1
| #define HAVE_LSEEK64 1
| #define HAVE_TYPE_OFF64_T 1
| #define HAVE_SYS_TIME_H 1
| #define TIME_WITH_SYS_TIME 1
| /* end confdefs.h.  */
| #include <stdio.h>
| #ifdef HAVE_SYS_TYPES_H
| # include <sys/types.h>
| #endif
| #ifdef HAVE_SYS_STAT_H
| # include <sys/stat.h>
| #endif
| #ifdef STDC_HEADERS
| # include <stdlib.h>
| # include <stddef.h>
| #else
| # ifdef HAVE_STDLIB_H
| #  include <stdlib.h>
| # endif
| #endif
| #ifdef HAVE_STRING_H
| # if !defined STDC_HEADERS && defined HAVE_MEMORY_H
| #  include <memory.h>
| # endif
| # include <string.h>
| #endif
| #ifdef HAVE_STRINGS_H
| # include <strings.h>
| #endif
| #ifdef HAVE_INTTYPES_H
| # include <inttypes.h>
| #endif
| #ifdef HAVE_STDINT_H
| # include <stdint.h>
| #endif
| #ifdef HAVE_UNISTD_H
| # include <unistd.h>
| #endif
| int
| main ()
| {
| if (sizeof ((pid_t)))
| 	    return 0;
|   ;
|   return 0;
| }
configure:7125: result: yes
configure:7136: checking for size_t
configure:7136: gcc-4.4 -c  -pipe  conftest.c >&5
configure:7136: $? = 0
configure:7136: gcc-4.4 -c  -pipe  conftest.c >&5
conftest.c: In function 'main':
conftest.c:67: error: expected expression before ')' token
configure:7136: $? = 1
configure: failed program was:
| /* confdefs.h */
| #define PACKAGE_NAME ""
| #define PACKAGE_TARNAME ""
| #define PACKAGE_VERSION ""
| #define PACKAGE_STRING ""
| #define PACKAGE_BUGREPORT ""
| #define PACKAGE_URL ""
| #define STDC_HEADERS 1
| #define HAVE_SYS_TYPES_H 1
| #define HAVE_SYS_STAT_H 1
| #define HAVE_STDLIB_H 1
| #define HAVE_STRING_H 1
| #define HAVE_MEMORY_H 1
| #define HAVE_STRINGS_H 1
| #define HAVE_INTTYPES_H 1
| #define HAVE_STDINT_H 1
| #define HAVE_UNISTD_H 1
| #define HAVE_LIMITS_H 1
| #define HAVE_UNISTD_H 1
| #define STATIC_BUILD 1
| #define PEEK_XCLOSEIM 1
| #define _LARGEFILE64_SOURCE 1
| #define TCL_WIDE_INT_TYPE long long
| #define HAVE_STRUCT_STAT64 1
| #define HAVE_OPEN64 1
| #define HAVE_LSEEK64 1
| #define HAVE_TYPE_OFF64_T 1
| #define HAVE_SYS_TIME_H 1
| #define TIME_WITH_SYS_TIME 1
| /* end confdefs.h.  */
| #include <stdio.h>
| #ifdef HAVE_SYS_TYPES_H
| # include <sys/types.h>
| #endif
| #ifdef HAVE_SYS_STAT_H
| # include <sys/stat.h>
| #endif
| #ifdef STDC_HEADERS
| # include <stdlib.h>
| # include <stddef.h>
| #else
| # ifdef HAVE_STDLIB_H
| #  include <stdlib.h>
| # endif
| #endif
| #ifdef HAVE_STRING_H
| # if !defined STDC_HEADERS && defined HAVE_MEMORY_H
| #  include <memory.h>
| # endif
| # include <string.h>
| #endif
| #ifdef HAVE_STRINGS_H
| # include <strings.h>
| #endif
| #ifdef HAVE_INTTYPES_H
| # include <inttypes.h>
| #endif
| #ifdef HAVE_STDINT_H
| # include <stdint.h>
| #endif
| #ifdef HAVE_UNISTD_H
| # include <unistd.h>
| #endif
| int
| main ()
| {
| if (sizeof ((size_t)))
| 	    return 0;
|   ;
|   return 0;
| }
configure:7136: result: yes
configure:7147: checking for uid_t in sys/types.h
configure:7166: result: yes
configure:7182: checking pw_gecos in struct pwd
configure:7199: gcc-4.4 -c  -pipe  conftest.c >&5
configure:7199: $? = 0
configure:7206: result: yes
configure:7319: checking for X
configure:7427: gcc-4.4 -E  conftest.c
configure:7427: $? = 0
configure:7458: gcc-4.4 -o conftest  -pipe   -Wl,--export-dynamic conftest.c -lX11  >&5
configure:7458: $? = 0
configure:7508: result: libraries , headers 
configure:7519: gcc-4.4 -E  conftest.c
conftest.c:32: fatal error: X11/XIntrinsic.h: No such file or directory
compilation terminated.
configure:7519: $? = 1
configure: failed program was:
| /* confdefs.h */
| #define PACKAGE_NAME ""
| #define PACKAGE_TARNAME ""
| #define PACKAGE_VERSION ""
| #define PACKAGE_STRING ""
| #define PACKAGE_BUGREPORT ""
| #define PACKAGE_URL ""
| #define STDC_HEADERS 1
| #define HAVE_SYS_TYPES_H 1
| #define HAVE_SYS_STAT_H 1
| #define HAVE_STDLIB_H 1
| #define HAVE_STRING_H 1
| #define HAVE_MEMORY_H 1
| #define HAVE_STRINGS_H 1
| #define HAVE_INTTYPES_H 1
| #define HAVE_STDINT_H 1
| #define HAVE_UNISTD_H 1
| #define HAVE_LIMITS_H 1
| #define HAVE_UNISTD_H 1
| #define STATIC_BUILD 1
| #define PEEK_XCLOSEIM 1
| #define _LARGEFILE64_SOURCE 1
| #define TCL_WIDE_INT_TYPE long long
| #define HAVE_STRUCT_STAT64 1
| #define HAVE_OPEN64 1
| #define HAVE_LSEEK64 1
| #define HAVE_TYPE_OFF64_T 1
| #define HAVE_SYS_TIME_H 1
| #define TIME_WITH_SYS_TIME 1
| #define HAVE_PW_GECOS 1
| /* end confdefs.h.  */
| #include <X11/XIntrinsic.h>
configure:7532: checking for X11 header files
configure:7539: gcc-4.4 -E  conftest.c
configure:7539: $? = 0
configure:7687: checking for main in -lXbsd
configure:7706: gcc-4.4 -o conftest  -pipe   -Wl,--export-dynamic conftest.c -lXbsd   >&5
/usr/bin/ld: cannot find -lXbsd
collect2: ld returned 1 exit status
configure:7706: $? = 1
configure: failed program was:
| /* confdefs.h */
| #define PACKAGE_NAME ""
| #define PACKAGE_TARNAME ""
| #define PACKAGE_VERSION ""
| #define PACKAGE_STRING ""
| #define PACKAGE_BUGREPORT ""
| #define PACKAGE_URL ""
| #define STDC_HEADERS 1
| #define HAVE_SYS_TYPES_H 1
| #define HAVE_SYS_STAT_H 1
| #define HAVE_STDLIB_H 1
| #define HAVE_STRING_H 1
| #define HAVE_MEMORY_H 1
| #define HAVE_STRINGS_H 1
| #define HAVE_INTTYPES_H 1
| #define HAVE_STDINT_H 1
| #define HAVE_UNISTD_H 1
| #define HAVE_LIMITS_H 1
| #define HAVE_UNISTD_H 1
| #define STATIC_BUILD 1
| #define PEEK_XCLOSEIM 1
| #define _LARGEFILE64_SOURCE 1
| #define TCL_WIDE_INT_TYPE long long
| #define HAVE_STRUCT_STAT64 1
| #define HAVE_OPEN64 1
| #define HAVE_LSEEK64 1
| #define HAVE_TYPE_OFF64_T 1
| #define HAVE_SYS_TIME_H 1
| #define TIME_WITH_SYS_TIME 1
| #define HAVE_PW_GECOS 1
| /* end confdefs.h.  */
| 
| 
| int
| main ()
| {
| return main ();
|   ;
|   return 0;
| }
configure:7715: result: no
configure:7724: checking for connect
configure:7724: gcc-4.4 -o conftest  -pipe   -Wl,--export-dynamic conftest.c  >&5
configure:7724: $? = 0
configure:7724: result: yes
configure:7780: checking for gethostbyname
configure:7780: gcc-4.4 -o conftest  -pipe   -Wl,--export-dynamic conftest.c  >&5
configure:7780: $? = 0
configure:7780: result: yes
configure:7876: checking whether char is unsigned
configure:7895: gcc-4.4 -c  -pipe  conftest.c >&5
configure:7895: $? = 0
configure:7902: result: no
configure:8316: creating ./config.status

## ---------------------- ##
## Running config.status. ##
## ---------------------- ##

This file was extended by config.status, which was
generated by GNU Autoconf 2.69.  Invocation command line was

  CONFIG_FILES    = 
  CONFIG_HEADERS  = 
  CONFIG_LINKS    = 
  CONFIG_COMMANDS = 
  $ ./config.status 

on kali

config.status:822: creating Makefile
config.status:921: WARNING:  'Makefile.in' seems to ignore the --datarootdir setting
config.status:822: creating tkConfig.sh
configure:9343: WARNING: unrecognized options: --enable-gcc

## ---------------- ##
## Cache variables. ##
## ---------------- ##

ac_cv_c_bigendian=no
ac_cv_c_char_unsigned=no
ac_cv_c_compiler_gnu=yes
ac_cv_c_tclconfig=/home/dyahayu/itrace/ns-allinone-2.34/tcl8.4.18/unix
ac_cv_env_CC_set=set
ac_cv_env_CC_value=gcc-4.4
ac_cv_env_CFLAGS_set=
ac_cv_env_CFLAGS_value=
ac_cv_env_CPPFLAGS_set=
ac_cv_env_CPPFLAGS_value=
ac_cv_env_CPP_set=
ac_cv_env_CPP_value=
ac_cv_env_LDFLAGS_set=
ac_cv_env_LDFLAGS_value=
ac_cv_env_LIBS_set=
ac_cv_env_LIBS_value=
ac_cv_env_XMKMF_set=
ac_cv_env_XMKMF_value=
ac_cv_env_build_alias_set=
ac_cv_env_build_alias_value=
ac_cv_env_host_alias_set=
ac_cv_env_host_alias_value=
ac_cv_env_target_alias_set=
ac_cv_env_target_alias_value=
ac_cv_func_connect=yes
ac_cv_func_gethostbyname=yes
ac_cv_func_lseek64=yes
ac_cv_func_open64=yes
ac_cv_func_sin=no
ac_cv_func_strtod=yes
ac_cv_have_x='have_x=yes	ac_x_includes='\'''\''	ac_x_libraries='\'''\'''
ac_cv_header_inttypes_h=yes
ac_cv_header_limits_h=yes
ac_cv_header_memory_h=yes
ac_cv_header_stdc=yes
ac_cv_header_stdint_h=yes
ac_cv_header_stdlib_h=yes
ac_cv_header_string_h=yes
ac_cv_header_strings_h=yes
ac_cv_header_sys_stat_h=yes
ac_cv_header_sys_time_h=yes
ac_cv_header_sys_types_h=yes
ac_cv_header_time=yes
ac_cv_header_unistd_h=yes
ac_cv_lib_Xbsd_main=no
ac_cv_lib_dl_dlopen=yes
ac_cv_lib_ieee_main=no
ac_cv_objext=o
ac_cv_path_EGREP='/bin/grep -E'
ac_cv_path_GREP=/bin/grep
ac_cv_path_tclsh=/home/dyahayu/itrace/ns-allinone-2.34/bin/tclsh8.4
ac_cv_prog_AR=ar
ac_cv_prog_CPP='gcc-4.4 -E'
ac_cv_prog_ac_ct_CC=gcc-4.4
ac_cv_prog_ac_ct_RANLIB=ranlib
ac_cv_prog_cc_c89=
ac_cv_prog_cc_g=yes
ac_cv_type_mode_t=yes
ac_cv_type_pid_t=yes
ac_cv_type_size_t=yes
ac_cv_type_uid_t=yes
tcl_cv_cc_pipe=yes
tcl_cv_flag__isoc99_source=no
tcl_cv_flag__largefile64_source=yes
tcl_cv_flag__largefile_source64=no
tcl_cv_pwd_pw_gecos=yes
tcl_cv_strtod_buggy=ok
tcl_cv_struct_dirent64=no
tcl_cv_struct_stat64=yes
tcl_cv_sys_version=Linux-4.13.0-kali1-686-pae
tcl_cv_type_64bit='long long'
tcl_cv_type_fd_set=yes
tcl_cv_type_off64_t=yes

## ----------------- ##
## Output variables. ##
## ----------------- ##

APP_RSRC_FILE=''
AR='ar'
BUILD_TCLSH='/home/dyahayu/itrace/ns-allinone-2.34/tcl8.4.18/unix/tclsh'
CC='gcc-4.4'
CC_SEARCH_FLAGS='-Wl,-rpath,${LIB_RUNTIME_DIR}'
CFBUNDLELOCALIZATIONS=''
CFLAGS=' -pipe '
CFLAGS_DEBUG='-g'
CFLAGS_DEFAULT='$(CFLAGS_OPTIMIZE)'
CFLAGS_OPTIMIZE='-O2'
CFLAGS_WARNING='-Wall -Wno-implicit-int -fno-strict-aliasing'
CPP='gcc-4.4 -E'
CPPFLAGS=''
DEFS='-DPACKAGE_NAME=\"\" -DPACKAGE_TARNAME=\"\" -DPACKAGE_VERSION=\"\" -DPACKAGE_STRING=\"\" -DPACKAGE_BUGREPORT=\"\" -DPACKAGE_URL=\"\" -DSTDC_HEADERS=1 -DHAVE_SYS_TYPES_H=1 -DHAVE_SYS_STAT_H=1 -DHAVE_STDLIB_H=1 -DHAVE_STRING_H=1 -DHAVE_MEMORY_H=1 -DHAVE_STRINGS_H=1 -DHAVE_INTTYPES_H=1 -DHAVE_STDINT_H=1 -DHAVE_UNISTD_H=1 -DHAVE_LIMITS_H=1 -DHAVE_UNISTD_H=1 -DSTATIC_BUILD=1 -DPEEK_XCLOSEIM=1 -D_LARGEFILE64_SOURCE=1 -DTCL_WIDE_INT_TYPE=long\ long -DHAVE_STRUCT_STAT64=1 -DHAVE_OPEN64=1 -DHAVE_LSEEK64=1 -DHAVE_TYPE_OFF64_T=1 -DHAVE_SYS_TIME_H=1 -DTIME_WITH_SYS_TIME=1 -DHAVE_PW_GECOS=1'
DL_LIBS='-ldl'
DL_OBJS='tclLoadDl.o'
ECHO_C=''
ECHO_N='-n'
ECHO_T=''
EGREP='/bin/grep -E'
EXEEXT=''
EXTRA_APP_CC_SWITCHES=''
EXTRA_BUILD_HTML=''
EXTRA_CC_SWITCHES=''
EXTRA_INSTALL=''
EXTRA_INSTALL_BINARIES=''
EXTRA_WISH_LIBS=''
GREP='/bin/grep'
HTML_DIR='$(DISTDIR)/html'
INSTALL_LIB='$(INSTALL_LIBRARY) $(LIB_FILE) $(LIB_INSTALL_DIR)/$(LIB_FILE) ; (cd $(LIB_INSTALL_DIR) ; $(RANLIB) $(LIB_FILE))'
INSTALL_STUB_LIB='$(INSTALL_LIBRARY) $(STUB_LIB_FILE) $(LIB_INSTALL_DIR)/$(STUB_LIB_FILE) ; (cd $(LIB_INSTALL_DIR) ; $(RANLIB) $(STUB_LIB_FILE))'
LDFLAGS=' -Wl,--export-dynamic'
LDFLAGS_DEBUG=''
LDFLAGS_DEFAULT='$(LDFLAGS_OPTIMIZE)'
LDFLAGS_OPTIMIZE=''
LD_LIBRARY_PATH_VAR='LD_LIBRARY_PATH'
LD_SEARCH_FLAGS='-Wl,-rpath,${LIB_RUNTIME_DIR}'
LIBOBJS=''
LIBS=''
LIB_RSRC_FILE=''
LOCALES='cs de el en en_gb eo es fr hu it nl pl pt ru'
LTLIBOBJS=''
MAKE_LIB='${STLIB_LD} $@ ${OBJS} ; ${RANLIB} $@'
MAKE_STUB_LIB='${STLIB_LD} $@ ${STUB_LIB_OBJS} ; ${RANLIB} $@'
MAN_FLAGS=''
MATH_LIBS='-lm'
OBJEXT='o'
PACKAGE_BUGREPORT=''
PACKAGE_NAME=''
PACKAGE_STRING=''
PACKAGE_TARNAME=''
PACKAGE_URL=''
PACKAGE_VERSION=''
PATH_SEPARATOR=':'
PLAT_OBJS=''
PLAT_SRCS=''
PRIVATE_INCLUDE_DIR='$(includedir)'
RANLIB='ranlib'
REZ=''
REZ_FLAGS=''
SHELL='/bin/bash'
SHLIB_CFLAGS='-fPIC'
SHLIB_LD='${CC} -shared ${CFLAGS} ${LDFLAGS}'
SHLIB_LD_LIBS='${LIBS}'
SHLIB_SUFFIX='.so'
STLIB_LD='${AR} cr'
TCLSH_PROG='/home/dyahayu/itrace/ns-allinone-2.34/bin/tclsh8.4'
TCL_BIN_DIR='/home/dyahayu/itrace/ns-allinone-2.34/tcl8.4.18/unix'
TCL_LIB_FILE='libtcl8.4.a'
TCL_LIB_FLAG='-ltcl8.4'
TCL_LIB_SPEC='-L/home/dyahayu/itrace/ns-allinone-2.34/tcl8.4.18/unix -ltcl8.4'
TCL_SHLIB_LD_EXTRAS=''
TCL_SRC_DIR='/home/dyahayu/itrace/ns-allinone-2.34/tcl8.4.18'
TCL_STUB_FLAGS=''
TCL_STUB_LIB_FILE='libtclstub8.4.a'
TCL_STUB_LIB_FLAG='-ltclstub8.4'
TCL_STUB_LIB_SPEC='-L/home/dyahayu/itrace/ns-allinone-2.34/tcl8.4.18/unix -ltclstub8.4'
TCL_THREADS='0'
TCL_VERSION='8.4'
TK_BUILD_EXP_FILE=''
TK_BUILD_LIB_SPEC='-L/home/dyahayu/itrace/ns-allinone-2.34/tk8.4.18/unix -ltk8.4'
TK_BUILD_STUB_LIB_PATH='/home/dyahayu/itrace/ns-allinone-2.34/tk8.4.18/unix/libtkstub8.4.a'
TK_BUILD_STUB_LIB_SPEC='-L/home/dyahayu/itrace/ns-allinone-2.34/tk8.4.18/unix -ltkstub8.4'
TK_DBGX=''
TK_EXP_FILE=''
TK_INCLUDE_SPEC='-I/home/dyahayu/itrace/ns-allinone-2.34/include'
TK_LIBRARY='$(prefix)/lib/tk$(VERSION)'
TK_LIB_FILE='libtk8.4${TK_DBGX}.a'
TK_LIB_FLAG='-ltk8.4'
TK_LIB_SPEC='-L/home/dyahayu/itrace/ns-allinone-2.34/lib -ltk8.4'
TK_MAJOR_VERSION='8'
TK_MINOR_VERSION='4'
TK_PATCH_LEVEL='.18'
TK_PKG_DIR='tk$(VERSION)$(TK_DBGX)'
TK_RSRC_FILE='tk$(VERSION).rsrc'
TK_SHARED_BUILD='0'
TK_SHLIB_LD_EXTRAS=''
TK_SRC_DIR='/home/dyahayu/itrace/ns-allinone-2.34/tk8.4.18'
TK_STUB_LIB_FILE='libtkstub8.4.a'
TK_STUB_LIB_FLAG='-ltkstub8.4'
TK_STUB_LIB_PATH='/home/dyahayu/itrace/ns-allinone-2.34/lib/libtkstub8.4.a'
TK_STUB_LIB_SPEC='-L/home/dyahayu/itrace/ns-allinone-2.34/lib -ltkstub8.4'
TK_VERSION='8.4'
TK_WINDOWINGSYSTEM='X11'
TK_YEAR=''
WISH_RSRC_FILE='wish$(VERSION).rsrc'
XINCLUDES=''
XLIBSW='-lX11'
XMKMF=''
ac_ct_CC='gcc-4.4'
bindir='${exec_prefix}/bin'
build_alias=''
datadir='${datarootdir}'
datarootdir='${prefix}/share'
docdir='${datarootdir}/doc/${PACKAGE}'
dvidir='${docdir}'
exec_prefix='/home/dyahayu/itrace/ns-allinone-2.34'
host_alias=''
htmldir='${docdir}'
includedir='${prefix}/include'
infodir='${datarootdir}/info'
libdir='/home/dyahayu/itrace/ns-allinone-2.34/lib'
libexecdir='${exec_prefix}/libexec'
localedir='${datarootdir}/locale'
localstatedir='${prefix}/var'
mandir='${datarootdir}/man'
oldincludedir='/usr/include'
pdfdir='${docdir}'
prefix='/home/dyahayu/itrace/ns-allinone-2.34'
program_transform_name='s,x,x,'
psdir='${docdir}'
runstatedir='${localstatedir}/run'
sbindir='${exec_prefix}/sbin'
sharedstatedir='${prefix}/com'
sysconfdir='${prefix}/etc'
target_alias=''

## ----------- ##
## confdefs.h. ##
## ----------- ##

/* confdefs.h */
#define PACKAGE_NAME ""
#define PACKAGE_TARNAME ""
#define PACKAGE_VERSION ""
#define PACKAGE_STRING ""
#define PACKAGE_BUGREPORT ""
#define PACKAGE_URL ""
#define STDC_HEADERS 1
#define HAVE_SYS_TYPES_H 1
#define HAVE_SYS_STAT_H 1
#define HAVE_STDLIB_H 1
#define HAVE_STRING_H 1
#define HAVE_MEMORY_H 1
#define HAVE_STRINGS_H 1
#define HAVE_INTTYPES_H 1
#define HAVE_STDINT_H 1
#define HAVE_UNISTD_H 1
#define HAVE_LIMITS_H 1
#define HAVE_UNISTD_H 1
#define STATIC_BUILD 1
#define PEEK_XCLOSEIM 1
#define _LARGEFILE64_SOURCE 1
#define TCL_WIDE_INT_TYPE long long
#define HAVE_STRUCT_STAT64 1
#define HAVE_OPEN64 1
#define HAVE_LSEEK64 1
#define HAVE_TYPE_OFF64_T 1
#define HAVE_SYS_TIME_H 1
#define TIME_WITH_SYS_TIME 1
#define HAVE_PW_GECOS 1

configure: exit 0
